<?xml version="1.0" encoding="UTF-8"?>
<!-- Generated by org.testng.reporters.JUnitReportReporter -->
<testsuite skipped="1" hostname="CN-D-027" name="com.app.akku.work.TestCases.AK_52_Create_Edit_Delete_Assign_OU" tests="2" failures="0" timestamp="07 Dec 2017 10:42:32 GMT" time="187.179" errors="0">
  <testcase name="AK_68_SynchronizationOUviaGSuite" time="116.871" classname="com.app.akku.work.TestCases.AK_52_Create_Edit_Delete_Assign_OU"/>
  <testcase name="AK_68_SynchronizationOUviaGSuite" time="70.308" classname="com.app.akku.work.TestCases.AK_52_Create_Edit_Delete_Assign_OU">
    <skipped/>
  </testcase> <!-- AK_68_SynchronizationOUviaGSuite -->
</testsuite> <!-- com.app.akku.work.TestCases.AK_52_Create_Edit_Delete_Assign_OU -->
