<?xml version="1.0" encoding="UTF-8"?>
<!-- Generated by org.testng.reporters.JUnitReportReporter -->
<testsuite skipped="0" hostname="css02-Latitude-E6440" name="com.app.akku.work.TestCases.Applitools" tests="1" failures="0" timestamp="08 Nov 2017 10:22:03 GMT" time="31.767" errors="0">
  <testcase name="HRBX_COM" time="31.767" classname="com.app.akku.work.TestCases.Applitools"/>
</testsuite> <!-- com.app.akku.work.TestCases.Applitools -->
