<?xml version="1.0" encoding="UTF-8"?>
<!-- Generated by org.testng.reporters.JUnitReportReporter -->
<testsuite skipped="0" hostname="mallikajunasair" name="com.app.akku.work.TestCases.siteblocking" tests="1" failures="0" timestamp="14 Oct 2017 19:10:13 GMT" time="8.828" errors="0">
  <testcase name="siteBlock" time="8.828" classname="com.app.akku.work.TestCases.siteblocking"/>
</testsuite> <!-- com.app.akku.work.TestCases.siteblocking -->
