<?xml version="1.0" encoding="UTF-8"?>
<!-- Generated by org.testng.reporters.JUnitReportReporter -->
<testsuite skipped="0" hostname="CN-D-027" name="com.app.akku.work.TestCases.AKKU_26_Siteblocking" tests="11" failures="0" timestamp="20 Nov 2017 13:16:49 GMT" time="322.451" errors="0">
  <testcase name="AK_21_AddDuplicateSiteUrlwithvalidSiteDescription" time="26.364" classname="com.app.akku.work.TestCases.AKKU_26_Siteblocking"/>
  <testcase name="AK_28_EditSiteDetailsandsaveitbyvalidsiteurlemptysiteDescription" time="22.889" classname="com.app.akku.work.TestCases.AKKU_26_Siteblocking"/>
  <testcase name="AK_27_EditSiteDetailsandsaveitbyDuplicateurlValidDescriptiondetails" time="22.499" classname="com.app.akku.work.TestCases.AKKU_26_Siteblocking"/>
  <testcase name="AK_25_BlockingaSitewithValidSitedetails" time="38.363" classname="com.app.akku.work.TestCases.AKKU_26_Siteblocking"/>
  <testcase name="AK_31_DeleteOneSiteURLfromsiteBlockedlist" time="45.688" classname="com.app.akku.work.TestCases.AKKU_26_Siteblocking"/>
  <testcase name="AK_22_ClickonAddSitewithoutEnteringanyDatainUrlDesctextfield" time="31.934" classname="com.app.akku.work.TestCases.AKKU_26_Siteblocking"/>
  <testcase name="AK_26_EditSiteDetailsandsaveitbyRemovingurlDescriptiondetails" time="22.891" classname="com.app.akku.work.TestCases.AKKU_26_Siteblocking"/>
  <testcase name="AK_23_AddInvalidSiteUrlandvalidSiteDescriptioninSiteBlocking" time="20.118" classname="com.app.akku.work.TestCases.AKKU_26_Siteblocking"/>
  <testcase name="AK_30_EditSiteDetailsandsaveitbyInvalidsiteurlvalidsiteDescription" time="21.605" classname="com.app.akku.work.TestCases.AKKU_26_Siteblocking"/>
  <testcase name="AK_29_EditSiteDetailsandsaveitbyvalidsiteurlvalidsiteDescription" time="50.412" classname="com.app.akku.work.TestCases.AKKU_26_Siteblocking"/>
  <testcase name="AK_24_AddValidSiteUrlandInvalidSiteDescriptioninSiteBlocking" time="19.688" classname="com.app.akku.work.TestCases.AKKU_26_Siteblocking"/>
</testsuite> <!-- com.app.akku.work.TestCases.AKKU_26_Siteblocking -->
