<?xml version="1.0" encoding="UTF-8"?>
<!-- Generated by org.testng.reporters.JUnitReportReporter -->
<testsuite skipped="0" hostname="CN-D-027" name="com.app.akku.work.TestCases.AKKU_26_Siteblocking" tests="2" failures="0" timestamp="05 Dec 2017 09:05:39 GMT" time="51.610" errors="0">
  <testcase name="AK_25_BlockingaSitewithValidSitedetails" time="26.392" classname="com.app.akku.work.TestCases.AKKU_26_Siteblocking"/>
  <testcase name="AK_31_DeleteOneSiteURLfromsiteBlockedlist" time="25.218" classname="com.app.akku.work.TestCases.AKKU_26_Siteblocking"/>
</testsuite> <!-- com.app.akku.work.TestCases.AKKU_26_Siteblocking -->
