<?xml version="1.0" encoding="UTF-8"?>
<!-- Generated by org.testng.reporters.JUnitReportReporter -->
<testsuite skipped="0" hostname="css02-Latitude-E6440" name="com.app.akku.work.TestCases.LoginTest" tests="2" failures="0" timestamp="03 Nov 2017 04:30:26 GMT" time="22.454" errors="0">
  <testcase name="validLogin" time="13.059" classname="com.app.akku.work.TestCases.LoginTest"/>
  <testcase name="loginwithInvalidEmail" time="9.395" classname="com.app.akku.work.TestCases.LoginTest"/>
</testsuite> <!-- com.app.akku.work.TestCases.LoginTest -->
