<?xml version="1.0" encoding="UTF-8"?>
<!-- Generated by org.testng.reporters.JUnitReportReporter -->
<testsuite skipped="0" hostname="CN-D-027" name="com.app.akku.work.TestCases.AKKU_01_LoginANDlogout" tests="5" failures="0" timestamp="20 Nov 2017 13:16:49 GMT" time="72.435" errors="0">
  <testcase name="AK_02_LoginWithValidEmailAndInvalidPassword" time="13.826" classname="com.app.akku.work.TestCases.AKKU_01_LoginANDlogout"/>
  <testcase name="AK_03_LoginwithValidUserNameandEmptyPassword" time="13.785" classname="com.app.akku.work.TestCases.AKKU_01_LoginANDlogout"/>
  <testcase name="AK_05_LoginwithemptyUsernameandValidPassword" time="15.897" classname="com.app.akku.work.TestCases.AKKU_01_LoginANDlogout"/>
  <testcase name="AK_01_ValidLogin" time="16.028" classname="com.app.akku.work.TestCases.AKKU_01_LoginANDlogout"/>
  <testcase name="AK_04_LoginwithinvalidUsernameandinvalidPassword" time="12.899" classname="com.app.akku.work.TestCases.AKKU_01_LoginANDlogout"/>
</testsuite> <!-- com.app.akku.work.TestCases.AKKU_01_LoginANDlogout -->
