<?xml version="1.0" encoding="UTF-8"?>
<!-- Generated by org.testng.reporters.JUnitReportReporter -->
<testsuite skipped="1" hostname="CN-D-027" name="com.app.akku.work.TestCases.AK_52_Create_Edit_Delete_Assign_OU" tests="1" failures="0" timestamp="21 Nov 2017 09:38:14 GMT" time="0.000" errors="0">
  <testcase name="AK_52_AddValidNewOUwithParentCNT" time="0.000" classname="com.app.akku.work.TestCases.AK_52_Create_Edit_Delete_Assign_OU">
    <skipped/>
  </testcase> <!-- AK_52_AddValidNewOUwithParentCNT -->
</testsuite> <!-- com.app.akku.work.TestCases.AK_52_Create_Edit_Delete_Assign_OU -->
