<?xml version="1.0" encoding="UTF-8"?>
<!-- Generated by org.testng.reporters.JUnitReportReporter -->
<testsuite skipped="0" hostname="mallikajunasair" name="com.cloudnow.TestCases.loginANDlogout" tests="1" failures="0" timestamp="14 Oct 2017 18:31:54 GMT" time="6.418" errors="0">
  <testcase name="validLogin" time="6.418" classname="com.cloudnow.TestCases.loginANDlogout"/>
</testsuite> <!-- com.cloudnow.TestCases.loginANDlogout -->
