<?xml version="1.0" encoding="UTF-8"?>
<!-- Generated by org.testng.reporters.JUnitReportReporter -->
<testsuite skipped="0" hostname="CN-D-027" name="com.app.akku.work.TestCases.AKKU_33_Edit_Delete_Suspend_Activity_Users" tests="2" failures="0" timestamp="11 Dec 2017 10:26:15 GMT" time="53.574" errors="0">
  <testcase name="AK_44_SelectmultipleuserfromuserlistandVerifyActionbuttons" time="28.934" classname="com.app.akku.work.TestCases.AKKU_33_Edit_Delete_Suspend_Activity_Users"/>
  <testcase name="AK_49_VerifyLastLogindatetimeinuserList" time="24.640" classname="com.app.akku.work.TestCases.AKKU_33_Edit_Delete_Suspend_Activity_Users"/>
</testsuite> <!-- com.app.akku.work.TestCases.AKKU_33_Edit_Delete_Suspend_Activity_Users -->
