<?xml version="1.0" encoding="UTF-8"?>
<!-- Generated by org.testng.reporters.JUnitReportReporter -->
<testsuite skipped="0" hostname="CN-D-027" name="com.app.akku.work.TestCases.AKKU_09_Editpwdinformation" tests="5" failures="0" timestamp="05 Dec 2017 09:05:38 GMT" time="120.022" errors="0">
  <testcase name="AK_09_ChangeOldPasswordtoNewPassword" time="24.586" classname="com.app.akku.work.TestCases.AKKU_09_Editpwdinformation"/>
  <testcase name="AK_14_UpdateNewPasswordWithSamevalueofnewpwdConfirmpwd" time="22.441" classname="com.app.akku.work.TestCases.AKKU_09_Editpwdinformation"/>
  <testcase name="AK_32_ChangeNewPasswordtoOldPassword" time="24.207" classname="com.app.akku.work.TestCases.AKKU_09_Editpwdinformation"/>
  <testcase name="AK_12_UpdateNewPasswordWithEmptyPwdEmptyConfirmPwd" time="23.829" classname="com.app.akku.work.TestCases.AKKU_09_Editpwdinformation"/>
  <testcase name="AK_13_UpdatepasswordwithoutmatchingwithPasswordpolicy" time="24.959" classname="com.app.akku.work.TestCases.AKKU_09_Editpwdinformation"/>
</testsuite> <!-- com.app.akku.work.TestCases.AKKU_09_Editpwdinformation -->
