<?xml version="1.0" encoding="UTF-8"?>
<!-- Generated by org.testng.reporters.JUnitReportReporter -->
<testsuite skipped="0" hostname="CN-D-027" name="com.app.akku.work.TestCases.AKKU_15_PasswordPolicy" tests="1" failures="0" timestamp="27 Nov 2017 10:45:07 GMT" time="62.333" errors="0">
  <testcase name="AK_64_UpdatepasswordpolicyforparentOU" time="62.333" classname="com.app.akku.work.TestCases.AKKU_15_PasswordPolicy"/>
</testsuite> <!-- com.app.akku.work.TestCases.AKKU_15_PasswordPolicy -->
