<?xml version="1.0" encoding="UTF-8"?>
<!-- Generated by org.testng.reporters.JUnitReportReporter -->
<testsuite skipped="0" hostname="CN-D-027" name="com.app.akku.work.TestCases.AKKU_26_Siteblocking" tests="2" failures="0" timestamp="15 Dec 2017 11:10:27 GMT" time="166.920" errors="0">
  <testcase name="AK_70_AddSiteURLforChildOUinSiteBlocking" time="76.298" classname="com.app.akku.work.TestCases.AKKU_26_Siteblocking"/>
  <testcase name="AK_69_AddSiteURLforparentOUinSiteBlocking" time="90.622" classname="com.app.akku.work.TestCases.AKKU_26_Siteblocking"/>
</testsuite> <!-- com.app.akku.work.TestCases.AKKU_26_Siteblocking -->
