<?xml version="1.0" encoding="UTF-8"?>
<!-- Generated by org.testng.reporters.JUnitReportReporter -->
<testsuite skipped="0" hostname="CN-D-027" name="com.app.akku.work.TestCases.AKKU_33_Edit_Delete_Suspend_Activity_Users" tests="1" failures="0" timestamp="20 Nov 2017 13:32:28 GMT" time="49.429" errors="0">
  <testcase name="Akku_41_ChangePasswordinNextLogin" time="49.429" classname="com.app.akku.work.TestCases.AKKU_33_Edit_Delete_Suspend_Activity_Users"/>
</testsuite> <!-- com.app.akku.work.TestCases.AKKU_33_Edit_Delete_Suspend_Activity_Users -->
