<?xml version="1.0" encoding="UTF-8"?>
<!-- Generated by org.testng.reporters.JUnitReportReporter -->
<testsuite skipped="0" hostname="CN-D-027" name="com.app.akku.work.TestCases.AKKU_01_LoginANDlogout" tests="1" failures="0" timestamp="24 Nov 2017 11:31:46 GMT" time="33.594" errors="0">
  <testcase name="AK_01_ValidLogin" time="33.594" classname="com.app.akku.work.TestCases.AKKU_01_LoginANDlogout"/>
</testsuite> <!-- com.app.akku.work.TestCases.AKKU_01_LoginANDlogout -->
