<?xml version="1.0" encoding="UTF-8"?>
<!-- Generated by org.testng.reporters.JUnitReportReporter -->
<testsuite skipped="0" hostname="css02-Latitude-E6440" name="com.app.akku.work.TestCases.loginANDlogout" tests="1" failures="0" timestamp="20 Oct 2017 11:42:13 GMT" time="2.476" errors="0">
  <testcase name="validLogin" time="2.476" classname="com.app.akku.work.TestCases.loginANDlogout"/>
</testsuite> <!-- com.app.akku.work.TestCases.loginANDlogout -->
