<?xml version="1.0" encoding="UTF-8"?>
<!-- Generated by org.testng.reporters.JUnitReportReporter -->
<testsuite skipped="0" hostname="CN-D-027" name="com.app.akku.work.TestCases.AKKU_47_AddsingleuserManually" tests="1" failures="0" timestamp="05 Dec 2017 09:05:39 GMT" time="33.082" errors="0">
  <testcase name="AK_46_AddUsersManually" time="33.082" classname="com.app.akku.work.TestCases.AKKU_47_AddsingleuserManually"/>
</testsuite> <!-- com.app.akku.work.TestCases.AKKU_47_AddsingleuserManually -->
