<?xml version="1.0" encoding="UTF-8"?>
<!-- Generated by org.testng.reporters.JUnitReportReporter -->
<testsuite skipped="0" hostname="CN-D-027" name="com.app.akku.work.TestCases.AKKU_01_LoginANDlogout" tests="1" failures="0" timestamp="06 Dec 2017 12:57:42 GMT" time="17.199" errors="0">
  <testcase name="AK_01_ValidLogin" time="17.199" classname="com.app.akku.work.TestCases.AKKU_01_LoginANDlogout"/>
</testsuite> <!-- com.app.akku.work.TestCases.AKKU_01_LoginANDlogout -->
