<?xml version="1.0" encoding="UTF-8"?>
<!-- Generated by org.testng.reporters.JUnitReportReporter -->
<testsuite skipped="0" hostname="CN-D-027" name="com.app.akku.work.TestCases.AK_52_Create_Edit_Delete_Assign_OU" tests="1" failures="0" timestamp="24 Nov 2017 05:04:43 GMT" time="61.406" errors="0">
  <testcase name="DeleteCreatedOufromPage" time="61.406" classname="com.app.akku.work.TestCases.AK_52_Create_Edit_Delete_Assign_OU"/>
</testsuite> <!-- com.app.akku.work.TestCases.AK_52_Create_Edit_Delete_Assign_OU -->
