<?xml version="1.0" encoding="UTF-8"?>
<!-- Generated by org.testng.reporters.JUnitReportReporter -->
<testsuite skipped="0" hostname="CN-D-027" name="com.app.akku.work.TestCases.AKKU_49_AdduserViaGSuite" tests="1" failures="0" timestamp="20 Nov 2017 13:16:49 GMT" time="60.834" errors="0">
  <testcase name="AK_41_AddnewuserViaGsuite" time="60.834" classname="com.app.akku.work.TestCases.AKKU_49_AdduserViaGSuite"/>
</testsuite> <!-- com.app.akku.work.TestCases.AKKU_49_AdduserViaGSuite -->
