<?xml version="1.0" encoding="UTF-8"?>
<!-- Generated by org.testng.reporters.JUnitReportReporter -->
<testsuite skipped="2" hostname="CN-D-027" name="com.app.akku.work.TestCases.AKKU_33_Edit_Delete_Suspend_Activity_Users" tests="9" failures="1" timestamp="05 Dec 2017 09:05:38 GMT" time="317.789" errors="0">
  <testcase name="AK_38_DeleteUserfromUserManagementpage" time="32.217" classname="com.app.akku.work.TestCases.AKKU_33_Edit_Delete_Suspend_Activity_Users"/>
  <testcase name="AK_49_VerifyLastLogindatetimeinuserList" time="54.204" classname="com.app.akku.work.TestCases.AKKU_33_Edit_Delete_Suspend_Activity_Users"/>
  <testcase name="AK_45_ResetPasswordandChangePasswordinNextLogin" time="14.759" classname="com.app.akku.work.TestCases.AKKU_33_Edit_Delete_Suspend_Activity_Users">
    <skipped/>
  </testcase> <!-- AK_45_ResetPasswordandChangePasswordinNextLogin -->
  <testcase name="AK_37_SuspendUserfromUserManagementpage" time="28.330" classname="com.app.akku.work.TestCases.AKKU_33_Edit_Delete_Suspend_Activity_Users"/>
  <testcase name="AK_43_ResetPasswordfromUserListwithvalidpassword" time="30.066" classname="com.app.akku.work.TestCases.AKKU_33_Edit_Delete_Suspend_Activity_Users"/>
  <testcase name="AK_44_SelectmultipleuserfromuserlistandVerifyActionbuttons" time="42.074" classname="com.app.akku.work.TestCases.AKKU_33_Edit_Delete_Suspend_Activity_Users">
    <failure type="java.lang.AssertionError" message="null">
      <![CDATA[java.lang.AssertionError: null
	at org.testng.Assert.fail(Assert.java:93)
	at org.testng.Assert.fail(Assert.java:100)
	at com.app.akku.work.TestCases.AKKU_33_Edit_Delete_Suspend_Activity_Users.AK_44_SelectmultipleuserfromuserlistandVerifyActionbuttons(AKKU_33_Edit_Delete_Suspend_Activity_Users.java:551)
	at sun.reflect.NativeMethodAccessorImpl.invoke0(Native Method)
	at sun.reflect.NativeMethodAccessorImpl.invoke(NativeMethodAccessorImpl.java:62)
	at sun.reflect.DelegatingMethodAccessorImpl.invoke(DelegatingMethodAccessorImpl.java:43)
	at java.lang.reflect.Method.invoke(Method.java:498)
	at org.testng.internal.MethodInvocationHelper.invokeMethod(MethodInvocationHelper.java:108)
	at org.testng.internal.Invoker.invokeMethod(Invoker.java:661)
	at org.testng.internal.Invoker.retryFailed(Invoker.java:1014)
	at org.testng.internal.Invoker.invokeTestMethods(Invoker.java:1215)
	at org.testng.internal.TestMethodWorker.invokeTestMethods(TestMethodWorker.java:126)
	at org.testng.internal.TestMethodWorker.run(TestMethodWorker.java:109)
	at org.testng.TestRunner.privateRun(TestRunner.java:744)
	at org.testng.TestRunner.run(TestRunner.java:602)
	at org.testng.SuiteRunner.runTest(SuiteRunner.java:380)
	at org.testng.SuiteRunner.runSequentially(SuiteRunner.java:375)
	at org.testng.SuiteRunner.privateRun(SuiteRunner.java:340)
	at org.testng.SuiteRunner.run(SuiteRunner.java:289)
	at org.testng.SuiteRunnerWorker.runSuite(SuiteRunnerWorker.java:52)
	at org.testng.SuiteRunnerWorker.run(SuiteRunnerWorker.java:86)
	at org.testng.TestNG.runSuitesSequentially(TestNG.java:1301)
	at org.testng.TestNG.runSuitesLocally(TestNG.java:1226)
	at org.testng.TestNG.runSuites(TestNG.java:1144)
	at org.testng.TestNG.run(TestNG.java:1115)
	at org.testng.remote.AbstractRemoteTestNG.run(AbstractRemoteTestNG.java:132)
	at org.testng.remote.RemoteTestNG.initAndRun(RemoteTestNG.java:230)
	at org.testng.remote.RemoteTestNG.main(RemoteTestNG.java:76)
]]>
    </failure>
  </testcase> <!-- AK_44_SelectmultipleuserfromuserlistandVerifyActionbuttons -->
  <testcase name="AK_47_Searchuserfromuserlistusingvalidkeyword" time="32.431" classname="com.app.akku.work.TestCases.AKKU_33_Edit_Delete_Suspend_Activity_Users"/>
  <testcase name="AK_45_ResetPasswordandChangePasswordinNextLogin" time="45.417" classname="com.app.akku.work.TestCases.AKKU_33_Edit_Delete_Suspend_Activity_Users"/>
  <testcase name="AK_44_SelectmultipleuserfromuserlistandVerifyActionbuttons" time="38.291" classname="com.app.akku.work.TestCases.AKKU_33_Edit_Delete_Suspend_Activity_Users">
    <skipped/>
  </testcase> <!-- AK_44_SelectmultipleuserfromuserlistandVerifyActionbuttons -->
</testsuite> <!-- com.app.akku.work.TestCases.AKKU_33_Edit_Delete_Suspend_Activity_Users -->
