<?xml version="1.0" encoding="UTF-8"?>
<!-- Generated by org.testng.reporters.JUnitReportReporter -->
<testsuite skipped="0" hostname="CN-D-027" name="com.app.akku.work.TestCases.AKKU_09_Editpwdinformation" tests="2" failures="0" timestamp="20 Nov 2017 13:35:16 GMT" time="38.929" errors="0">
  <testcase name="AK_32_ChangeNewPasswordtoOldPassword" time="19.482" classname="com.app.akku.work.TestCases.AKKU_09_Editpwdinformation"/>
  <testcase name="AK_09_ChangeOldPasswordtoNewPassword" time="19.447" classname="com.app.akku.work.TestCases.AKKU_09_Editpwdinformation"/>
</testsuite> <!-- com.app.akku.work.TestCases.AKKU_09_Editpwdinformation -->
