<?xml version="1.0" encoding="UTF-8"?>
<!-- Generated by org.testng.reporters.JUnitReportReporter -->
<testsuite skipped="0" hostname="css02-Latitude-E6440" name="com.app.akku.work.TestCases.AKKU_01_LoginANDlogout" tests="5" failures="0" timestamp="30 Nov 2017 05:24:28 GMT" time="144.359" errors="0">
  <testcase name="AK_02_LoginWithValidEmailAndInvalidPassword" time="17.872" classname="com.app.akku.work.TestCases.AKKU_01_LoginANDlogout"/>
  <testcase name="AK_03_LoginwithValidUserNameandEmptyPassword" time="16.140" classname="com.app.akku.work.TestCases.AKKU_01_LoginANDlogout"/>
  <testcase name="AK_04_LoginwithinvalidUsernameandinvalidPassword" time="18.186" classname="com.app.akku.work.TestCases.AKKU_01_LoginANDlogout"/>
  <testcase name="AK_01_ValidLogin" time="40.897" classname="com.app.akku.work.TestCases.AKKU_01_LoginANDlogout"/>
  <testcase name="AK_05_LoginwithemptyUsernameandValidPassword" time="51.264" classname="com.app.akku.work.TestCases.AKKU_01_LoginANDlogout"/>
</testsuite> <!-- com.app.akku.work.TestCases.AKKU_01_LoginANDlogout -->
